<?xml version="1.0" encoding="UTF-8"?>
<testng-results skipped="0" failed="0" total="4" passed="4">
  <reporter-output>
  </reporter-output>
  <suite name="Sample Test Suite" duration-ms="47653" started-at="2015-03-22T19:29:04Z" finished-at="2015-03-22T19:29:52Z">
    <groups>
    </groups>
    <test name="Sample Test" duration-ms="47653" started-at="2015-03-22T19:29:04Z" finished-at="2015-03-22T19:29:52Z">
      <class name="com.pack.one.TestA">
        <test-method status="PASS" signature="setUp()[pri:0, instance:com.pack.one.TestA@692744d3]" name="setUp" is-config="true" duration-ms="19267" started-at="2015-03-23T00:59:04Z" finished-at="2015-03-23T00:59:23Z">
          <reporter-output>
          </reporter-output>
        </test-method> <!-- setUp -->
        <test-method status="PASS" signature="testOne()[pri:0, instance:com.pack.one.TestA@692744d3]" name="testOne" duration-ms="1" started-at="2015-03-23T00:59:23Z" finished-at="2015-03-23T00:59:23Z">
          <reporter-output>
          </reporter-output>
        </test-method> <!-- testOne -->
        <test-method status="PASS" signature="testTwo()[pri:0, instance:com.pack.one.TestA@692744d3]" name="testTwo" duration-ms="1" started-at="2015-03-23T00:59:23Z" finished-at="2015-03-23T00:59:23Z">
          <reporter-output>
          </reporter-output>
        </test-method> <!-- testTwo -->
        <test-method status="PASS" signature="tearDown()[pri:0, instance:com.pack.one.TestA@692744d3]" name="tearDown" is-config="true" duration-ms="10104" started-at="2015-03-23T00:59:23Z" finished-at="2015-03-23T00:59:34Z">
          <reporter-output>
          </reporter-output>
        </test-method> <!-- tearDown -->
      </class> <!-- com.pack.one.TestA -->
      <class name="com.pack.two.TestB">
        <test-method status="PASS" signature="setUp()[pri:0, instance:com.pack.two.TestB@12e0a75a]" name="setUp" is-config="true" duration-ms="16387" started-at="2015-03-23T00:59:34Z" finished-at="2015-03-23T00:59:50Z">
          <reporter-output>
          </reporter-output>
        </test-method> <!-- setUp -->
        <test-method status="PASS" signature="testOne()[pri:0, instance:com.pack.two.TestB@12e0a75a]" name="testOne" duration-ms="1" started-at="2015-03-23T00:59:50Z" finished-at="2015-03-23T00:59:50Z">
          <reporter-output>
          </reporter-output>
        </test-method> <!-- testOne -->
        <test-method status="PASS" signature="testTwo()[pri:0, instance:com.pack.two.TestB@12e0a75a]" name="testTwo" duration-ms="0" started-at="2015-03-23T00:59:50Z" finished-at="2015-03-23T00:59:50Z">
          <reporter-output>
          </reporter-output>
        </test-method> <!-- testTwo -->
        <test-method status="PASS" signature="tearDown()[pri:0, instance:com.pack.two.TestB@12e0a75a]" name="tearDown" is-config="true" duration-ms="1881" started-at="2015-03-23T00:59:50Z" finished-at="2015-03-23T00:59:52Z">
          <reporter-output>
          </reporter-output>
        </test-method> <!-- tearDown -->
      </class> <!-- com.pack.two.TestB -->
    </test> <!-- Sample Test -->
  </suite> <!-- Sample Test Suite -->
</testng-results>
