<?xml version="1.0" encoding="UTF-8"?>
<!-- Generated by org.testng.reporters.JUnitXMLReporter -->
<testsuite hostname="Lenovo-PC" name="Sample Test" tests="4" failures="0" timestamp="22 Mar 2015 19:29:52 GMT" time="47.653" errors="0">
  <testcase name="testOne" time="0.001" classname="com.pack.one.TestA"/>
  <testcase name="testTwo" time="0.001" classname="com.pack.one.TestA"/>
  <testcase name="testOne" time="0.001" classname="com.pack.two.TestB"/>
  <testcase name="testTwo" time="0.0" classname="com.pack.two.TestB"/>
</testsuite> <!-- Sample Test -->
